0	1	mikrocAVR.exe -MSF -DBG -pATMEGA32 -RA -DL -SSA -O11111114 -fo8 -BOOTSZ2048 -BOOTOP0 -N"D:\IrThermo3click\IrThermo3click\example\c\AVR\Click_IrThermo_3_AVR.mcpav" -SP"C:\Users\Public\Documents\Mikroelektronika\mikroC PRO for AVR\Defs\" -SP"C:\Users\Public\Documents\Mikroelektronika\mikroC PRO for AVR\Uses\lte64kw\" -SP"D:\IrThermo3click\IrThermo3click\example\c\AVR\" -SP"D:\IrThermo3click\IrThermo3click\library\HAL\" -SP"D:\IrThermo3click\IrThermo3click\library\" -SP"C:\Users\Public\Documents\Mikroelektronika\mikroC PRO for AVR\Packages\mikroBUS Board Definition API\Uses\" -IP"C:\Users\Public\Documents\Mikroelektronika\mikroC PRO for AVR\Uses\lte64kw\" -IP"D:\IrThermo3click\IrThermo3click\example\c\AVR\" -IP"D:\IrThermo3click\IrThermo3click\library\" -IP"D:\IrThermo3click\IrThermo3click\library\HAL\" -IP"C:\Users\Public\Documents\Mikroelektronika\mikroC PRO for AVR\Packages\mikroBUS Board Definition API\Uses\" "Click_IrThermo_3_AVR.c" "__irthermo3_Driver.c" "__Lib_Math.mcl" "__Lib_MathDouble.mcl" "__Lib_System.mcl" "__Lib_Delays.mcl" "__Lib_CString.mcl" "__Lib_CMath.mcl" "__Lib_Conversions.mcl" "__Lib_TWI.mcl" "__Lib_UART_d01_ursel.mcl" "easyavr_v7_ATMEGA32.mcl" "Click_IrThermo_3.pld"	 
diagnostics: 0	122	Compilation Started	ATMEGA32.c
diagnostics: 1182	123	Compiled Successfully	ATMEGA32.c
diagnostics: 0	122	Compilation Started	__Lib_Delays.c
diagnostics: 170	123	Compiled Successfully	__Lib_Delays.c
diagnostics: 0	122	Compilation Started	stdint.h
warning: 34	1506	Implicit conversion of pointer to int	__ea_atmega32_i2c.c
warning: 34	1506	Implicit conversion of pointer to int	__ea_atmega32_i2c.c
warning: 34	1506	Implicit conversion of pointer to int	__ea_atmega32_i2c.c
warning: 34	1506	Implicit conversion of pointer to int	__ea_atmega32_i2c.c
warning: 27	1509	Generated baud rate is 4808 bps (error = 0.17 percent)	__ea_atmega32_log.c
warning: 28	1509	Generated baud rate is 9615 bps (error = 0.16 percent)	__ea_atmega32_log.c
warning: 29	1509	Generated baud rate is 19231 bps (error = 0.16 percent)	__ea_atmega32_log.c
warning: 30	1509	Generated baud rate is 38462 bps (error = 0.16 percent)	__ea_atmega32_log.c
warning: 31	1509	Generated baud rate is 58824 bps (error = 2.13 percent)	__ea_atmega32_log.c
warning: 32	1509	Generated baud rate is 111111 bps (error = -3.55 percent)	__ea_atmega32_log.c
warning: 43	1509	Generated baud rate is 4808 bps (error = 0.17 percent)	__ea_atmega32_log.c
warning: 44	1509	Generated baud rate is 9615 bps (error = 0.16 percent)	__ea_atmega32_log.c
warning: 45	1509	Generated baud rate is 19231 bps (error = 0.16 percent)	__ea_atmega32_log.c
warning: 46	1509	Generated baud rate is 38462 bps (error = 0.16 percent)	__ea_atmega32_log.c
warning: 47	1509	Generated baud rate is 58824 bps (error = 2.13 percent)	__ea_atmega32_log.c
warning: 48	1509	Generated baud rate is 111111 bps (error = -3.55 percent)	__ea_atmega32_log.c
warning: 64	1509	Generated baud rate is 4808 bps (error = 0.17 percent)	__ea_atmega32_log.c
warning: 65	1509	Generated baud rate is 9615 bps (error = 0.16 percent)	__ea_atmega32_log.c
warning: 66	1509	Generated baud rate is 19231 bps (error = 0.16 percent)	__ea_atmega32_log.c
warning: 67	1509	Generated baud rate is 38462 bps (error = 0.16 percent)	__ea_atmega32_log.c
warning: 68	1509	Generated baud rate is 58824 bps (error = 2.13 percent)	__ea_atmega32_log.c
warning: 69	1509	Generated baud rate is 111111 bps (error = -3.55 percent)	__ea_atmega32_log.c
diagnostics: 349	123	Compiled Successfully	easyavr_v7_ATMEGA32.c
diagnostics: 0	122	Compilation Started	stdint.h
diagnostics: 83	123	Compiled Successfully	Click_IrThermo_3_AVR.c
diagnostics: 0	122	Compilation Started	stdint.h
diagnostics: 407	123	Compiled Successfully	__irthermo3_Driver.c
hint: 323	1164	Variable 'tmp' has been eliminated by optimizer	__irthermo3_Driver.c
hint: 94	1164	Variable 'tmp' has been eliminated by optimizer	__irthermo3_Driver.c
hint: 133	1164	Variable 'retValue' has been eliminated by optimizer	__irthermo3_Driver.c
hint: 138	1164	Variable 'mode' has been eliminated by optimizer	__irthermo3_Driver.c
hint: 144	1164	Variable 'reg' has been eliminated by optimizer	__irthermo3_Driver.c
hint: 150	1164	Variable 'reg' has been eliminated by optimizer	__irthermo3_Driver.c
hint: 156	1164	Variable 'reg' has been eliminated by optimizer	__irthermo3_Driver.c
hint: 173	1164	Variable 'retValue' has been eliminated by optimizer	__irthermo3_Driver.c
hint: 179	1164	Variable 'retValue' has been eliminated by optimizer	__irthermo3_Driver.c
hint: 184	1164	Variable 'retValue' has been eliminated by optimizer	__irthermo3_Driver.c
hint: 325	1164	Variable 'reg' has been eliminated by optimizer	__irthermo3_Driver.c
hint: 333	1164	Variable 'VRta' has been eliminated by optimizer	__irthermo3_Driver.c
hint: 333	1164	Variable 'ambientTemp' has been eliminated by optimizer	__irthermo3_Driver.c
hint: 355	1164	Variable 'objectTemp' has been eliminated by optimizer	__irthermo3_Driver.c
hint: 355	1164	Variable 'sensorTemp' has been eliminated by optimizer	__irthermo3_Driver.c
hint: 355	1164	Variable 'VRta' has been eliminated by optimizer	__irthermo3_Driver.c
diagnostics: 0	127	All files Compiled in 94 ms	 
hint: 0	1144	Used RX (bytes): 31 (97%)   Free RX (bytes): 1 (3%)	Used RX (bytes): 31 (97%)   Free RX (bytes): 1 (3%)
hint: 0	1144	Static RAM (bytes): 103   Dynamic RAM (bytes): 1945	Static RAM (bytes): 103   Dynamic RAM (bytes): 1945
hint: 0	1144	Used ROM (bytes): 11459 (40%)  Free ROM (bytes): 17213 (60%)	Used ROM (bytes): 11459 (40%)  Free ROM (bytes): 17213 (60%)
diagnostics: 0	125	Project Linked Successfully	Click_IrThermo_3_AVR.mcpav
hint: 120	1004	Possible stack overflow: recursion or cross-calling detected.	__Lib_TWI.c
diagnostics: 0	128	Linked in 46 ms	 
diagnostics: 0	129	Project 'Click_IrThermo_3_AVR.mcpav' completed: 312 ms	 
diagnostics: 0	103	Finished successfully: 10 Jul 2018, 10:59:25	Click_IrThermo_3_AVR.mcpav
