0	1	mikroCPIC32.exe -MSF -DBG -pP32MX795F512L -RA -C -DL -SSA -EBASE 0x9FC01000 -INTDEF MV_SRS7_IS32 -O11111115 -fo80 -N"D:\Clicks_git\I\IrThermo_3_Click\SW\IrThermo3click\example\c\PIC32\Click_IrThermo_3_PIC32.mcp32" -SP"C:\Users\Public\Documents\Mikroelektronika\mikroC PRO for PIC32\Defs\" -SP"C:\Users\Public\Documents\Mikroelektronika\mikroC PRO for PIC32\Uses\" -SP"D:\Clicks_git\I\IrThermo_3_Click\SW\IrThermo3click\example\c\PIC32\" -SP"D:\Clicks_git\I\IrThermo_3_Click\SW\IrThermo3click\library\HAL\" -SP"D:\Clicks_git\I\IrThermo_3_Click\SW\IrThermo3click\library\" -SP"C:\Users\Public\Documents\Mikroelektronika\mikroC PRO for PIC32\Packages\mikroBUS Board Definition API\Uses\" -IP"C:\Users\Public\Documents\Mikroelektronika\mikroC PRO for PIC32\Uses\" -IP"D:\Clicks_git\I\IrThermo_3_Click\SW\IrThermo3click\example\c\PIC32\" -IP"D:\Clicks_git\I\IrThermo_3_Click\SW\IrThermo3click\library\" -IP"D:\Clicks_git\I\IrThermo_3_Click\SW\IrThermo3click\library\HAL\" -IP"C:\Users\Public\Documents\Mikroelektronika\mikroC PRO for PIC32\Packages\mikroBUS Board Definition API\Uses\" "Click_IrThermo_3_PIC32.c" "__irthermo3_Driver.c" "__Lib_CP0.emcl" "__Lib_Math.emcl" "__Lib_MathDouble.emcl" "__Lib_System.emcl" "__Lib_SoftResetDma.emcl" "__Lib_Delays.emcl" "__Lib_CString.emcl" "__Lib_CMath.emcl" "__Lib_Conversions.emcl" "__Lib_I2C_12345.emcl" "__Lib_UART_123456.emcl" "easypicfusion_v7_P32MX795F512L.emcl" "Click_IrThermo_3.pld"	 
diagnostics: 0	122	Compilation Started	P32MX795F512L.c
diagnostics: 39364	123	Compiled Successfully	P32MX795F512L.c
diagnostics: 0	122	Compilation Started	__Lib_Delays.c
diagnostics: 176	123	Compiled Successfully	__Lib_Delays.c
diagnostics: 0	122	Compilation Started	stdint.h
diagnostics: 349	123	Compiled Successfully	easypicfusion_v7_P32MX795F512L.c
diagnostics: 0	122	Compilation Started	stdint.h
diagnostics: 75	123	Compiled Successfully	Click_IrThermo_3_PIC32.c
diagnostics: 0	122	Compilation Started	stdint.h
diagnostics: 622	123	Compiled Successfully	__irthermo3_Driver.c
hint: 323	1164	Variable 'tmp' has been eliminated by optimizer	__irthermo3_Driver.c
hint: 95	1164	Variable 'tmp' has been eliminated by optimizer	__irthermo3_Driver.c
hint: 117	1164	Variable 'retValue' has been eliminated by optimizer	__irthermo3_Driver.c
hint: 123	1164	Variable 'mode' has been eliminated by optimizer	__irthermo3_Driver.c
hint: 130	1164	Variable 'reg' has been eliminated by optimizer	__irthermo3_Driver.c
hint: 137	1164	Variable 'reg' has been eliminated by optimizer	__irthermo3_Driver.c
hint: 144	1164	Variable 'reg' has been eliminated by optimizer	__irthermo3_Driver.c
hint: 165	1164	Variable 'retValue' has been eliminated by optimizer	__irthermo3_Driver.c
hint: 171	1164	Variable 'retValue' has been eliminated by optimizer	__irthermo3_Driver.c
hint: 176	1164	Variable 'retValue' has been eliminated by optimizer	__irthermo3_Driver.c
hint: 475	1164	Variable 'readData' has been eliminated by optimizer	__irthermo3_Driver.c
hint: 476	1164	Variable 'readData16' has been eliminated by optimizer	__irthermo3_Driver.c
hint: 513	1164	Variable 'reg' has been eliminated by optimizer	__irthermo3_Driver.c
hint: 526	1164	Variable 'ambientTemp' has been eliminated by optimizer	__irthermo3_Driver.c
hint: 547	1164	Variable 'cyclePosition' has been eliminated by optimizer	__irthermo3_Driver.c
hint: 556	1164	Variable 'TO_clc1' has been eliminated by optimizer	__irthermo3_Driver.c
diagnostics: 0	127	All files Compiled in 109 ms	 
hint: 0	1144	Used RX: 29 (91%)   Free RX: 3 (9%)	Used RX: 29 (91%)   Free RX: 3 (9%)
hint: 0	1144	Static RAM (bytes): 329   Dynamic RAM (bytes): 130737	Static RAM (bytes): 329   Dynamic RAM (bytes): 130737
hint: 0	1144	Used ROM (bytes): 18653 (4%)  Free ROM (bytes): 505635 (96%)	Used ROM (bytes): 18653 (4%)  Free ROM (bytes): 505635 (96%)
hint: 0	1144	Used BOOTROM (bytes): 320 (3%)  Free BOOTROM (bytes): 11953 (97%)	Used BOOTROM (bytes): 320 (3%)  Free BOOTROM (bytes): 11953 (97%)
diagnostics: 0	125	Project Linked Successfully	Click_IrThermo_3_PIC32.mcp32
diagnostics: 0	128	Linked in 235 ms	 
diagnostics: 0	129	Project 'Click_IrThermo_3_PIC32.mcp32' completed: 1078 ms	 
diagnostics: 0	103	Finished successfully: 16 jul 2018, 09:08:05	Click_IrThermo_3_PIC32.mcp32
