0	1	mikroCARM.exe -MSF -DBG -pSTM32F107VC -BIN -LHF -C -DL -SSA -O11111114 -fo72 -N"D:\Clicks_git\I\IrThermo_3_Click\SW\example\c\ARM\STM\Click_IrThermo_3_STM.mcpar" -SP"C:\Users\Public\Documents\Mikroelektronika\mikroC PRO for ARM\Defs\" -SP"C:\Users\Public\Documents\Mikroelektronika\mikroC PRO for ARM\Uses\ST M3\" -SP"D:\Clicks_git\I\IrThermo_3_Click\SW\example\c\ARM\STM\" -SP"D:\Clicks_git\I\IrThermo_3_Click\SW\library\HAL\" -SP"D:\Clicks_git\I\IrThermo_3_Click\SW\library\" -SP"C:\Users\Public\Documents\Mikroelektronika\mikroC PRO for ARM\Packages\mikroBUS Board Definition API\Uses\" -IP"C:\Users\Public\Documents\Mikroelektronika\mikroC PRO for ARM\Uses\TI M3\" -IP"D:\Clicks_git\I\IrThermo_3_Click\SW\example\c\ARM\STM\" -IP"D:\Clicks_git\I\IrThermo_3_Click\SW\library\" -IP"D:\Clicks_git\I\IrThermo_3_Click\SW\library\HAL\" -IP"C:\Users\Public\Documents\Mikroelektronika\mikroC PRO for ARM\Packages\mikroBUS Board Definition API\Uses\" "Click_IrThermo_3_STM.c" "__irthermo3_driver.c" "__Lib_Math.emcl" "__Lib_MathDouble.emcl" "__Lib_Delays.emcl" "__Lib_System_105_107.emcl" "__Lib_GPIO_32F10x_Defs.emcl" "__Lib_GPIO_32F10x.emcl" "__Lib_CString.emcl" "__Lib_CMath.emcl" "__Lib_Conversions.emcl" "__Lib_I2C_12.emcl" "__Lib_UART_123_45.emcl" "easymx_v7_STM32F107VC.emcl" "Click_IrThermo_3.pld"	 
diagnostics: 0	122	Compilation Started	stdint.h
diagnostics: 76	123	Compiled Successfully	Click_IrThermo_3_STM.c
diagnostics: 0	122	Compilation Started	stdint.h
diagnostics: 625	123	Compiled Successfully	__irthermo3_driver.c
hint: 323	1164	Variable 'tmp' has been eliminated by optimizer	__irthermo3_driver.c
hint: 84	1164	Variable 'tmp' has been eliminated by optimizer	__irthermo3_driver.c
hint: 101	1164	Variable 'ptr' has been eliminated by optimizer	__irthermo3_driver.c
hint: 109	1164	Variable 'ptr' has been eliminated by optimizer	__irthermo3_driver.c
hint: 117	1164	Variable 'retValue' has been eliminated by optimizer	__irthermo3_driver.c
hint: 123	1164	Variable 'mode' has been eliminated by optimizer	__irthermo3_driver.c
hint: 130	1164	Variable 'reg' has been eliminated by optimizer	__irthermo3_driver.c
hint: 137	1164	Variable 'reg' has been eliminated by optimizer	__irthermo3_driver.c
hint: 144	1164	Variable 'reg' has been eliminated by optimizer	__irthermo3_driver.c
hint: 165	1164	Variable 'retValue' has been eliminated by optimizer	__irthermo3_driver.c
hint: 171	1164	Variable 'retValue' has been eliminated by optimizer	__irthermo3_driver.c
hint: 176	1164	Variable 'retValue' has been eliminated by optimizer	__irthermo3_driver.c
hint: 475	1164	Variable 'readData' has been eliminated by optimizer	__irthermo3_driver.c
hint: 476	1164	Variable 'readData16' has been eliminated by optimizer	__irthermo3_driver.c
hint: 513	1164	Variable 'reg' has been eliminated by optimizer	__irthermo3_driver.c
hint: 526	1164	Variable 'ambientTemp' has been eliminated by optimizer	__irthermo3_driver.c
hint: 547	1164	Variable 'cyclePosition' has been eliminated by optimizer	__irthermo3_driver.c
hint: 556	1164	Variable 'TO_clc1' has been eliminated by optimizer	__irthermo3_driver.c
diagnostics: 0	127	All files Compiled in 157 ms	 
hint: 0	1144	Used RX: 16 (100%)   Free RX: 0 (0%)	Used RX: 16 (100%)   Free RX: 0 (0%)
hint: 0	1144	Static RAM (bytes): 297   Dynamic RAM (bytes): 65233	Static RAM (bytes): 297   Dynamic RAM (bytes): 65233
hint: 0	1144	Used ROM (bytes): 12741 (5%)  Free ROM (bytes): 249403 (95%)	Used ROM (bytes): 12741 (5%)  Free ROM (bytes): 249403 (95%)
diagnostics: 0	125	Project Linked Successfully	Click_IrThermo_3_STM.mcpar
diagnostics: 0	128	Linked in 234 ms	 
diagnostics: 0	129	Project 'Click_IrThermo_3_STM.mcpar' completed: 500 ms	 
diagnostics: 0	103	Finished successfully: 14 avg 2018, 10:51:18	Click_IrThermo_3_STM.mcpar
