0	1	mikroCARM.exe -MSF -DBG -pTM4C129XNCZAD -RA -BIN -DL -SSA -O11111114 -fo120 -N"D:\IrThermo3click\IrThermo3click\example\c\ARM\TIVA\Click_IrThermo_3_TIVA.mcpar" -SP"C:\Users\Public\Documents\Mikroelektronika\mikroC PRO for ARM\Defs\" -SP"C:\Users\Public\Documents\Mikroelektronika\mikroC PRO for ARM\Uses\TI M4\" -SP"D:\IrThermo3click\IrThermo3click\example\c\ARM\TIVA\" -SP"D:\IrThermo3click\IrThermo3click\library\HAL\" -SP"D:\IrThermo3click\IrThermo3click\library\" -SP"C:\Users\Public\Documents\Mikroelektronika\mikroC PRO for ARM\Packages\mikroBUS Board Definition API\Uses\" -IP"C:\Users\Public\Documents\Mikroelektronika\mikroC PRO for ARM\Uses\TI M4\" -IP"D:\IrThermo3click\IrThermo3click\example\c\ARM\TIVA\" -IP"D:\IrThermo3click\IrThermo3click\library\" -IP"D:\IrThermo3click\IrThermo3click\library\HAL\" -IP"C:\Users\Public\Documents\Mikroelektronika\mikroC PRO for ARM\Packages\mikroBUS Board Definition API\Uses\" "Click_IrThermo_3_TIVA.c" "__irthermo3_driver.c" "__Lib_Math.emcl" "__Lib_Delays.emcl" "__Lib_MathDouble.emcl" "__Lib_System_TIVA.emcl" "__Lib_GPIO_6_Defs.emcl" "__Lib_GPIO_6.emcl" "__Lib_CString.emcl" "__Lib_CMath.emcl" "__Lib_Conversions.emcl" "__Lib_I2C_09.emcl" "__Lib_UART_07.emcl" "easymx_v7_TM4C129XNCZAD.emcl" "Click_IrThermo_3.pld"	 
diagnostics: 0	122	Compilation Started	TM4C129XNCZAD.c
diagnostics: 85903	123	Compiled Successfully	TM4C129XNCZAD.c
diagnostics: 0	122	Compilation Started	__Lib_Delays.c
diagnostics: 119	123	Compiled Successfully	__Lib_Delays.c
hint: 66	1164	Variable 'cycles_div_by_10' has been eliminated by optimizer	__Lib_Delays.c
hint: 88	1164	Variable 'NumberOfCyc' has been eliminated by optimizer	__Lib_Delays.c
hint: 105	1164	Variable 'NumberOfCyc' has been eliminated by optimizer	__Lib_Delays.c
diagnostics: 0	122	Compilation Started	__gpio.h
diagnostics: 760	123	Compiled Successfully	__Lib_GPIO_6_Defs.c
diagnostics: 0	122	Compilation Started	stdint.h
diagnostics: 349	123	Compiled Successfully	easymx_v7_TM4C129XNCZAD.c
diagnostics: 0	122	Compilation Started	stdint.h
diagnostics: 82	123	Compiled Successfully	Click_IrThermo_3_TIVA.c
diagnostics: 0	122	Compilation Started	stdint.h
diagnostics: 407	123	Compiled Successfully	__irthermo3_driver.c
hint: 323	1164	Variable 'tmp' has been eliminated by optimizer	__irthermo3_driver.c
hint: 92	1164	Variable 'tmp' has been eliminated by optimizer	__irthermo3_driver.c
hint: 133	1164	Variable 'retValue' has been eliminated by optimizer	__irthermo3_driver.c
hint: 138	1164	Variable 'mode' has been eliminated by optimizer	__irthermo3_driver.c
hint: 144	1164	Variable 'reg' has been eliminated by optimizer	__irthermo3_driver.c
hint: 150	1164	Variable 'reg' has been eliminated by optimizer	__irthermo3_driver.c
hint: 156	1164	Variable 'reg' has been eliminated by optimizer	__irthermo3_driver.c
hint: 173	1164	Variable 'retValue' has been eliminated by optimizer	__irthermo3_driver.c
hint: 179	1164	Variable 'retValue' has been eliminated by optimizer	__irthermo3_driver.c
hint: 184	1164	Variable 'retValue' has been eliminated by optimizer	__irthermo3_driver.c
hint: 325	1164	Variable 'reg' has been eliminated by optimizer	__irthermo3_driver.c
hint: 332	1164	Variable 'nineRAM' has been eliminated by optimizer	__irthermo3_driver.c
hint: 333	1164	Variable 'VRta' has been eliminated by optimizer	__irthermo3_driver.c
hint: 333	1164	Variable 'AMB' has been eliminated by optimizer	__irthermo3_driver.c
hint: 333	1164	Variable 'ambientTemp' has been eliminated by optimizer	__irthermo3_driver.c
hint: 354	1164	Variable 'S' has been eliminated by optimizer	__irthermo3_driver.c
hint: 355	1164	Variable 'VRto' has been eliminated by optimizer	__irthermo3_driver.c
hint: 355	1164	Variable 'Sto' has been eliminated by optimizer	__irthermo3_driver.c
hint: 355	1164	Variable 'TAdut' has been eliminated by optimizer	__irthermo3_driver.c
hint: 355	1164	Variable 'TAdutK' has been eliminated by optimizer	__irthermo3_driver.c
hint: 355	1164	Variable 'objectTemp' has been eliminated by optimizer	__irthermo3_driver.c
hint: 355	1164	Variable 'sensorTemp' has been eliminated by optimizer	__irthermo3_driver.c
hint: 355	1164	Variable 'VRta' has been eliminated by optimizer	__irthermo3_driver.c
diagnostics: 0	127	All files Compiled in 93 ms	 
hint: 0	1144	Used RX: 16 (100%)   Free RX: 0 (0%)	Used RX: 16 (100%)   Free RX: 0 (0%)
hint: 0	1144	Static RAM (bytes): 216   Dynamic RAM (bytes): 261925	Static RAM (bytes): 216   Dynamic RAM (bytes): 261925
hint: 0	1144	Used ROM (bytes): 14670 (1%)  Free ROM (bytes): 1033906 (99%)	Used ROM (bytes): 14670 (1%)  Free ROM (bytes): 1033906 (99%)
diagnostics: 0	125	Project Linked Successfully	Click_IrThermo_3_TIVA.mcpar
diagnostics: 0	128	Linked in 811 ms	 
diagnostics: 0	129	Project 'Click_IrThermo_3_TIVA.mcpar' completed: 2932 ms	 
diagnostics: 0	103	Finished successfully: 10 Jul 2018, 10:26:06	Click_IrThermo_3_TIVA.mcpar
