0	1	mikroCFT90x.exe -MSF -DBG -p FT900 -RA -BIN -DL -SSA -O11111114 -fo100 -N"D:\IrThermo3click\IrThermo3click\example\c\FT90x\Click_IrThermo_3_FT90x.mcpf9" -SP"C:\Users\Public\Documents\Mikroelektronika\mikroC PRO for FT90x\Defs\" -SP"C:\Users\Public\Documents\Mikroelektronika\mikroC PRO for FT90x\Uses\" -SP"D:\IrThermo3click\IrThermo3click\example\c\FT90x\" -SP"D:\IrThermo3click\IrThermo3click\library\HAL\" -SP"D:\IrThermo3click\IrThermo3click\library\" -SP"C:\Users\Public\Documents\Mikroelektronika\mikroC PRO for FT90x\Packages\mikroBUS Board Definition API\Uses\" -IP"D:\IrThermo3click\IrThermo3click\library\" -IP"D:\IrThermo3click\IrThermo3click\library\HAL\" -IP"D:\IrThermo3click\IrThermo3click\example\c\FT90x\" -IP"C:\Users\Public\Documents\Mikroelektronika\mikroC PRO for FT90x\Packages\mikroBUS Board Definition API\Uses\" "Click_IrThermo_3_FT90x.c" "__irthermo3_Driver.c" "__Lib_Delays.emcl" "__Lib_System.emcl" "__Lib_Math.emcl" "__Lib_MathDouble.emcl" "__Lib_GPIO.emcl" "__Lib_CString.emcl" "__Lib_CMath.emcl" "__Lib_Conversions.emcl" "__Lib_I2C.emcl" "__Lib_UART.emcl" "easyft90x_v7_FT900.emcl" "Click_IrThermo_3.pld"	 
diagnostics: 0	122	Compilation Started	FT900.c
diagnostics: 15125	123	Compiled Successfully	FT900.c
diagnostics: 0	122	Compilation Started	__Lib_Delays.c
diagnostics: 163	123	Compiled Successfully	__Lib_Delays.c
hint: 14	1164	Variable 'cpuClockDiv' has been eliminated by optimizer	__Lib_Delays.c
diagnostics: 0	122	Compilation Started	stdint.h
diagnostics: 349	123	Compiled Successfully	easyft90x_v7_FT900.c
diagnostics: 0	122	Compilation Started	stdint.h
diagnostics: 82	123	Compiled Successfully	Click_IrThermo_3_FT90x.c
diagnostics: 0	122	Compilation Started	stdint.h
diagnostics: 407	123	Compiled Successfully	__irthermo3_Driver.c
hint: 323	1164	Variable 'tmp' has been eliminated by optimizer	__irthermo3_Driver.c
hint: 89	1164	Variable 'tmp' has been eliminated by optimizer	__irthermo3_Driver.c
hint: 133	1164	Variable 'retValue' has been eliminated by optimizer	__irthermo3_Driver.c
hint: 138	1164	Variable 'mode' has been eliminated by optimizer	__irthermo3_Driver.c
hint: 144	1164	Variable 'reg' has been eliminated by optimizer	__irthermo3_Driver.c
hint: 150	1164	Variable 'reg' has been eliminated by optimizer	__irthermo3_Driver.c
hint: 156	1164	Variable 'reg' has been eliminated by optimizer	__irthermo3_Driver.c
hint: 173	1164	Variable 'retValue' has been eliminated by optimizer	__irthermo3_Driver.c
hint: 179	1164	Variable 'retValue' has been eliminated by optimizer	__irthermo3_Driver.c
hint: 184	1164	Variable 'retValue' has been eliminated by optimizer	__irthermo3_Driver.c
hint: 325	1164	Variable 'reg' has been eliminated by optimizer	__irthermo3_Driver.c
hint: 333	1164	Variable 'ambientTemp' has been eliminated by optimizer	__irthermo3_Driver.c
hint: 355	1164	Variable 'objectTemp' has been eliminated by optimizer	__irthermo3_Driver.c
hint: 355	1164	Variable 'sensorTemp' has been eliminated by optimizer	__irthermo3_Driver.c
diagnostics: 0	127	All files Compiled in 109 ms	 
hint: 0	1144	Used RX: 28 (88%)   Free RX: 4 (12%)	Used RX: 28 (88%)   Free RX: 4 (12%)
hint: 0	1144	Static RAM (bytes): 337   Dynamic RAM (bytes): 65189	Static RAM (bytes): 337   Dynamic RAM (bytes): 65189
hint: 0	1144	Used ROM (bytes): 18669 (7%)  Free ROM (bytes): 243475 (93%)	Used ROM (bytes): 18669 (7%)  Free ROM (bytes): 243475 (93%)
diagnostics: 0	125	Project Linked Successfully	Click_IrThermo_3_FT90x.mcpf9
diagnostics: 0	128	Linked in 141 ms	 
diagnostics: 0	129	Project 'Click_IrThermo_3_FT90x.mcpf9' completed: 640 ms	 
diagnostics: 0	103	Finished successfully: 10 Jul 2018, 10:13:58	Click_IrThermo_3_FT90x.mcpf9
