0	1	mikroCARM.exe -MSF -DBG -pMK64FN1M0XXX12 -RA -BIN -DL -SSA -O11111114 -fo120 -N"D:\IrThermo3click\IrThermo3click\example\c\ARM\KINETIS\Click_IrThermo_3_KINETIS.mcpar" -SP"C:\Users\Public\Documents\Mikroelektronika\mikroC PRO for ARM\Defs\" -SP"C:\Users\Public\Documents\Mikroelektronika\mikroC PRO for ARM\Uses\NXP M4\" -SP"D:\IrThermo3click\IrThermo3click\example\c\ARM\KINETIS\" -SP"D:\IrThermo3click\IrThermo3click\library\HAL\" -SP"D:\IrThermo3click\IrThermo3click\library\" -SP"C:\Users\Public\Documents\Mikroelektronika\mikroC PRO for ARM\Packages\mikroBUS Board Definition API\Uses\" -IP"C:\Users\Public\Documents\Mikroelektronika\mikroC PRO for ARM\Uses\TI M3\" -IP"D:\IrThermo3click\IrThermo3click\example\c\ARM\KINETIS\" -IP"D:\IrThermo3click\IrThermo3click\library\" -IP"D:\IrThermo3click\IrThermo3click\library\HAL\" -IP"C:\Users\Public\Documents\Mikroelektronika\mikroC PRO for ARM\Packages\mikroBUS Board Definition API\Uses\" "Click_IrThermo_3_KINETIS.c" "__irthermo3_driver.c" "__Lib_Math.emcl" "__Lib_MathDouble.emcl" "__Lib_Delays.emcl" "__Lib_System.emcl" "__Lib_GPIO_MK64_Defs.emcl" "__Lib_GPIO.emcl" "__Lib_CString.emcl" "__Lib_CMath.emcl" "__Lib_Conversions.emcl" "__Lib_I2C_012.emcl" "__Lib_UART_012345.emcl" "clicker_2_KINETIS.emcl" "Click_IrThermo_3.pld"	 
diagnostics: 0	122	Compilation Started	MK64FN1M0XXX12.c
diagnostics: 71921	123	Compiled Successfully	MK64FN1M0XXX12.c
diagnostics: 0	122	Compilation Started	__Lib_Delays.c
diagnostics: 119	123	Compiled Successfully	__Lib_Delays.c
hint: 66	1164	Variable 'cycles_div_by_10' has been eliminated by optimizer	__Lib_Delays.c
hint: 88	1164	Variable 'NumberOfCyc' has been eliminated by optimizer	__Lib_Delays.c
hint: 105	1164	Variable 'NumberOfCyc' has been eliminated by optimizer	__Lib_Delays.c
diagnostics: 0	122	Compilation Started	__lib_gpio.h
diagnostics: 809	123	Compiled Successfully	__Lib_GPIO_MK64_Defs.c
diagnostics: 0	122	Compilation Started	stdint.h
diagnostics: 348	123	Compiled Successfully	clicker_2_KINETIS.c
diagnostics: 0	122	Compilation Started	stdint.h
diagnostics: 82	123	Compiled Successfully	Click_IrThermo_3_KINETIS.c
diagnostics: 0	122	Compilation Started	stdint.h
diagnostics: 407	123	Compiled Successfully	__irthermo3_driver.c
hint: 323	1164	Variable 'tmp' has been eliminated by optimizer	__irthermo3_driver.c
hint: 84	1164	Variable 'tmp' has been eliminated by optimizer	__irthermo3_driver.c
hint: 101	1164	Variable 'ptr' has been eliminated by optimizer	__irthermo3_driver.c
hint: 109	1164	Variable 'ptr' has been eliminated by optimizer	__irthermo3_driver.c
hint: 133	1164	Variable 'retValue' has been eliminated by optimizer	__irthermo3_driver.c
hint: 138	1164	Variable 'mode' has been eliminated by optimizer	__irthermo3_driver.c
hint: 144	1164	Variable 'reg' has been eliminated by optimizer	__irthermo3_driver.c
hint: 150	1164	Variable 'reg' has been eliminated by optimizer	__irthermo3_driver.c
hint: 156	1164	Variable 'reg' has been eliminated by optimizer	__irthermo3_driver.c
hint: 173	1164	Variable 'retValue' has been eliminated by optimizer	__irthermo3_driver.c
hint: 179	1164	Variable 'retValue' has been eliminated by optimizer	__irthermo3_driver.c
hint: 184	1164	Variable 'retValue' has been eliminated by optimizer	__irthermo3_driver.c
hint: 325	1164	Variable 'reg' has been eliminated by optimizer	__irthermo3_driver.c
hint: 332	1164	Variable 'nineRAM' has been eliminated by optimizer	__irthermo3_driver.c
hint: 333	1164	Variable 'VRta' has been eliminated by optimizer	__irthermo3_driver.c
hint: 333	1164	Variable 'AMB' has been eliminated by optimizer	__irthermo3_driver.c
hint: 333	1164	Variable 'ambientTemp' has been eliminated by optimizer	__irthermo3_driver.c
hint: 354	1164	Variable 'S' has been eliminated by optimizer	__irthermo3_driver.c
hint: 355	1164	Variable 'VRto' has been eliminated by optimizer	__irthermo3_driver.c
hint: 355	1164	Variable 'Sto' has been eliminated by optimizer	__irthermo3_driver.c
hint: 355	1164	Variable 'TAdut' has been eliminated by optimizer	__irthermo3_driver.c
hint: 355	1164	Variable 'TAdutK' has been eliminated by optimizer	__irthermo3_driver.c
hint: 355	1164	Variable 'objectTemp' has been eliminated by optimizer	__irthermo3_driver.c
hint: 355	1164	Variable 'sensorTemp' has been eliminated by optimizer	__irthermo3_driver.c
hint: 355	1164	Variable 'VRta' has been eliminated by optimizer	__irthermo3_driver.c
diagnostics: 0	127	All files Compiled in 78 ms	 
hint: 0	1144	Used RX: 16 (100%)   Free RX: 0 (0%)	Used RX: 16 (100%)   Free RX: 0 (0%)
hint: 0	1144	Static RAM (bytes): 151   Dynamic RAM (bytes): 130917	Static RAM (bytes): 151   Dynamic RAM (bytes): 130917
hint: 0	1144	Used ROM (bytes): 14265 (1%)  Free ROM (bytes): 1034311 (99%)	Used ROM (bytes): 14265 (1%)  Free ROM (bytes): 1034311 (99%)
diagnostics: 0	125	Project Linked Successfully	Click_IrThermo_3_KINETIS.mcpar
diagnostics: 0	128	Linked in 562 ms	 
diagnostics: 0	129	Project 'Click_IrThermo_3_KINETIS.mcpar' completed: 2247 ms	 
diagnostics: 0	103	Finished successfully: 10 Jul 2018, 11:27:36	Click_IrThermo_3_KINETIS.mcpar
