0	1	mikroCPIC1618.exe -MSF -DBG -pP18F87K22 -RA -DL -O11111114 -fo64 -N"D:\Clicks_git\I\IrThermo_3_Click\SW\example\c\PIC\Click_IrThermo_3_PIC.mcppi" -SP"C:\Users\Public\Documents\Mikroelektronika\mikroC PRO for PIC\Defs\" -SP"C:\Users\Public\Documents\Mikroelektronika\mikroC PRO for PIC\uses\P18\" -SP"D:\Clicks_git\I\IrThermo_3_Click\SW\example\c\PIC\" -SP"D:\Clicks_git\I\IrThermo_3_Click\SW\library\HAL\" -SP"D:\Clicks_git\I\IrThermo_3_Click\SW\library\" -SP"C:\Users\Public\Documents\Mikroelektronika\mikroC PRO for PIC\Packages\mikroBUS Board Definition API\Uses\" -IP"C:\Users\Public\Documents\Mikroelektronika\mikroC PRO for PIC\uses\P18\" -IP"D:\Clicks_git\I\IrThermo_3_Click\SW\example\c\PIC\" -IP"D:\Clicks_git\I\IrThermo_3_Click\SW\library\" -IP"D:\Clicks_git\I\IrThermo_3_Click\SW\library\HAL\" -IP"C:\Users\Public\Documents\Mikroelektronika\mikroC PRO for PIC\Packages\mikroBUS Board Definition API\Uses\" "Click_IrThermo_3_PIC.c" "__irthermo3_driver.c" "__Lib_Math.mcl" "__Lib_MathDouble.mcl" "__Lib_System.mcl" "__Lib_Delays.mcl" "__Lib_CString.mcl" "__Lib_CMath.mcl" "__Lib_Conversions.mcl" "__Lib_I2C_c34d65_k22_k90.mcl" "__Lib_UART_c67g12.mcl" "easypicpro_v7_P18F87K22.mcl" "Click_IrThermo_3.pld"	 
hint: 0	1139	Available RAM: 3841 [bytes], Available ROM: 131072 [bytes]	 
diagnostics: 0	122	Compilation Started	P18F87K22.c
diagnostics: 3486	123	Compiled Successfully	P18F87K22.c
diagnostics: 0	122	Compilation Started	__Lib_Delays.c
diagnostics: 172	123	Compiled Successfully	__Lib_Delays.c
diagnostics: 0	122	Compilation Started	stdint.h
warning: 17	1509	Generated baud rate is 4808 bps (error = 0.17 percent)	__epp_18f87k22_log.c
warning: 18	1509	Generated baud rate is 9615 bps (error = 0.16 percent)	__epp_18f87k22_log.c
warning: 19	1509	Generated baud rate is 19231 bps (error = 0.16 percent)	__epp_18f87k22_log.c
warning: 20	1509	Generated baud rate is 38462 bps (error = 0.16 percent)	__epp_18f87k22_log.c
warning: 21	1509	Generated baud rate is 57971 bps (error = 0.64 percent)	__epp_18f87k22_log.c
warning: 22	1509	Generated baud rate is 114286 bps (error = 0.79 percent)	__epp_18f87k22_log.c
warning: 33	1509	Generated baud rate is 4808 bps (error = 0.17 percent)	__epp_18f87k22_log.c
warning: 34	1509	Generated baud rate is 9615 bps (error = 0.16 percent)	__epp_18f87k22_log.c
warning: 35	1509	Generated baud rate is 19231 bps (error = 0.16 percent)	__epp_18f87k22_log.c
warning: 36	1509	Generated baud rate is 38462 bps (error = 0.16 percent)	__epp_18f87k22_log.c
warning: 37	1509	Generated baud rate is 57971 bps (error = 0.64 percent)	__epp_18f87k22_log.c
warning: 38	1509	Generated baud rate is 114286 bps (error = 0.79 percent)	__epp_18f87k22_log.c
warning: 65	1509	Generated baud rate is 4808 bps (error = 0.17 percent)	__epp_18f87k22_log.c
warning: 66	1509	Generated baud rate is 9615 bps (error = 0.16 percent)	__epp_18f87k22_log.c
warning: 67	1509	Generated baud rate is 19231 bps (error = 0.16 percent)	__epp_18f87k22_log.c
warning: 68	1509	Generated baud rate is 38462 bps (error = 0.16 percent)	__epp_18f87k22_log.c
warning: 69	1509	Generated baud rate is 57971 bps (error = 0.64 percent)	__epp_18f87k22_log.c
warning: 70	1509	Generated baud rate is 114286 bps (error = 0.79 percent)	__epp_18f87k22_log.c
diagnostics: 349	123	Compiled Successfully	easypicpro_v7_P18F87K22.c
diagnostics: 0	122	Compilation Started	stdint.h
error: 42	324	Undeclared identifier 'irthermo3_i2cDriverInit' in expression	Click_IrThermo_3_PIC.c
error: 42	317	Operator '' is not applicable to these operands ''	Click_IrThermo_3_PIC.c
error: 42	402	; expected, but ')' found	Click_IrThermo_3_PIC.c
error: 42	424	'}' expected ';' found	Click_IrThermo_3_PIC.c
error: 51	324	Undeclared identifier 'irthermo3_getAmbientTemperature' in expression	Click_IrThermo_3_PIC.c
error: 56	324	Undeclared identifier 'irthermo3_getObjectTemperature' in expression	Click_IrThermo_3_PIC.c
diagnostics: 0	122	Compilation Started	stdint.h
diagnostics: 625	123	Compiled Successfully	__irthermo3_driver.c
hint: 323	1164	Variable 'tmp' has been eliminated by optimizer	__irthermo3_driver.c
hint: 95	1164	Variable 'tmp' has been eliminated by optimizer	__irthermo3_driver.c
hint: 117	1164	Variable 'retValue' has been eliminated by optimizer	__irthermo3_driver.c
hint: 123	1164	Variable 'mode' has been eliminated by optimizer	__irthermo3_driver.c
hint: 130	1164	Variable 'reg' has been eliminated by optimizer	__irthermo3_driver.c
hint: 137	1164	Variable 'reg' has been eliminated by optimizer	__irthermo3_driver.c
hint: 144	1164	Variable 'reg' has been eliminated by optimizer	__irthermo3_driver.c
hint: 165	1164	Variable 'retValue' has been eliminated by optimizer	__irthermo3_driver.c
hint: 171	1164	Variable 'retValue' has been eliminated by optimizer	__irthermo3_driver.c
hint: 176	1164	Variable 'retValue' has been eliminated by optimizer	__irthermo3_driver.c
hint: 475	1164	Variable 'readData' has been eliminated by optimizer	__irthermo3_driver.c
hint: 476	1164	Variable 'readData16' has been eliminated by optimizer	__irthermo3_driver.c
hint: 513	1164	Variable 'reg' has been eliminated by optimizer	__irthermo3_driver.c
hint: 522	1164	Variable 'RAM9' has been eliminated by optimizer	__irthermo3_driver.c
hint: 524	1164	Variable 'VRta' has been eliminated by optimizer	__irthermo3_driver.c
hint: 525	1164	Variable 'AMB' has been eliminated by optimizer	__irthermo3_driver.c
hint: 526	1164	Variable 'ambientTemp' has been eliminated by optimizer	__irthermo3_driver.c
hint: 547	1164	Variable 'cyclePosition' has been eliminated by optimizer	__irthermo3_driver.c
hint: 553	1164	Variable 'VRta' has been eliminated by optimizer	__irthermo3_driver.c
hint: 555	1164	Variable 'TO' has been eliminated by optimizer	__irthermo3_driver.c
hint: 556	1164	Variable 'TO_clc1' has been eliminated by optimizer	__irthermo3_driver.c
hint: 557	1164	Variable 'TO_clc' has been eliminated by optimizer	__irthermo3_driver.c
hint: 561	1164	Variable 'TAdut' has been eliminated by optimizer	__irthermo3_driver.c
hint: 562	1164	Variable 'TAdutK' has been eliminated by optimizer	__irthermo3_driver.c
error: 0	102	Finished (with errors): 16 jul 2018, 10:26:29	Click_IrThermo_3_PIC.mcppi
